<?xml version="1.0" encoding="UTF-8"?>
<testng-results skipped="0" failed="0" ignored="0" total="1" passed="1">
  <reporter-output>
  </reporter-output>
  <suite name="Default suite" duration-ms="46443" started-at="2019-03-25T17:56:37Z" finished-at="2019-03-25T17:57:23Z">
    <groups>
    </groups>
    <test name="Default test" duration-ms="46443" started-at="2019-03-25T17:56:37Z" finished-at="2019-03-25T17:57:23Z">
      <class name="com.collibra.qa.tests.ProductSearchTest">
        <test-method status="PASS" signature="setUp()[pri:0, instance:com.collibra.qa.tests.ProductSearchTest@59fa1d9b]" name="setUp" is-config="true" duration-ms="13086" started-at="2019-03-25T17:56:37Z" finished-at="2019-03-25T17:56:50Z">
          <reporter-output>
          </reporter-output>
        </test-method> <!-- setUp -->
        <test-method status="PASS" signature="searchTest()[pri:0, instance:com.collibra.qa.tests.ProductSearchTest@59fa1d9b]" name="searchTest" duration-ms="26224" started-at="2019-03-25T17:56:50Z" finished-at="2019-03-25T17:57:16Z">
          <reporter-output>
          </reporter-output>
        </test-method> <!-- searchTest -->
        <test-method status="PASS" signature="tearDown()[pri:0, instance:com.collibra.qa.tests.ProductSearchTest@59fa1d9b]" name="tearDown" is-config="true" duration-ms="7099" started-at="2019-03-25T17:57:16Z" finished-at="2019-03-25T17:57:23Z">
          <reporter-output>
          </reporter-output>
        </test-method> <!-- tearDown -->
      </class> <!-- com.collibra.qa.tests.ProductSearchTest -->
    </test> <!-- Default test -->
  </suite> <!-- Default suite -->
</testng-results>
